[technext.github.io/makan/index6521.html]
[backblue.gif]
[fade.gif]
[index.html]
[technext.github.io/makan/img/favicon.ico]
[cdnjs.cloudflare.com/ajax/libs/font-awesome/5.10.0/css/all.min.css]
[cdn.jsdelivr.net/npm/bootstrap-icons@1.4.1/font/bootstrap-icons.css]
[technext.github.io/makan/lib/animate/animate.min.css]
[technext.github.io/makan/lib/owlcarousel/assets/owl.carousel.min.css]
[technext.github.io/makan/css/bootstrap.min.css]
[technext.github.io/makan/css/style.css]
[technext.github.io/makan/index.html]
[technext.github.io/makan/img/icon-deal.png]
[technext.github.io/makan/about.html]
[technext.github.io/makan/property-list.html]
[technext.github.io/makan/property-type.html]
[technext.github.io/makan/property-agent.html]
[technext.github.io/makan/testimonial.html]
[technext.github.io/makan/404.html]
[technext.github.io/makan/contact.html]
[technext.github.io/makan/img/carousel-1.jpg]
[technext.github.io/makan/img/carousel-2.jpg]
[technext.github.io/makan/img/icon-apartment.png]
[technext.github.io/makan/img/icon-villa.png]
[technext.github.io/makan/img/icon-house.png]
[technext.github.io/makan/img/icon-housing.png]
[technext.github.io/makan/img/icon-building.png]
[technext.github.io/makan/img/icon-neighborhood.png]
[technext.github.io/makan/img/icon-condominium.png]
[technext.github.io/makan/img/icon-luxury.png]
[technext.github.io/makan/img/about.jpg]
[technext.github.io/makan/img/property-1.jpg]
[technext.github.io/makan/img/property-2.jpg]
[technext.github.io/makan/img/property-3.jpg]
[technext.github.io/makan/img/property-4.jpg]
[technext.github.io/makan/img/property-5.jpg]
[technext.github.io/makan/img/property-6.jpg]
[technext.github.io/makan/img/call-to-action.jpg]
[technext.github.io/makan/img/team-1.jpg]
[technext.github.io/makan/img/team-2.jpg]
[technext.github.io/makan/img/team-3.jpg]
[technext.github.io/makan/img/team-4.jpg]
[technext.github.io/makan/img/testimonial-1.jpg]
[technext.github.io/makan/img/testimonial-2.jpg]
[technext.github.io/makan/img/testimonial-3.jpg]
[cdn.jsdelivr.net/npm/bootstrap@5.0.0/dist/js/bootstrap.bundle.min.js]
[code.jquery.com/jquery-3.4.1.min.js]
[technext.github.io/makan/lib/wow/wow.min.js]
[technext.github.io/makan/lib/easing/easing.min.js]
[technext.github.io/makan/lib/waypoints/waypoints.min.js]
[technext.github.io/makan/lib/owlcarousel/owl.carousel.min.js]
[technext.github.io/makan/js/main.js]
[technext.github.io/makan/index6521.html]
[technext.github.io/makan/img/favicon.html]
[cdnjs.cloudflare.com/ajax/libs/font-awesome/5.10.0/css/all.min.css]
[cdn.jsdelivr.net/npm/bootstrap-icons@1.4.1/font/fonts/bootstrap-iconsfb95.woff2]
[cdn.jsdelivr.net/npm/bootstrap-icons@1.4.1/font/fonts/bootstrap-iconsfb95.woff]
[cdn.jsdelivr.net/npm/bootstrap-icons@1.4.1/font/bootstrap-icons.css]
[technext.github.io/makan/lib/animate/animate.min.css]
[technext.github.io/makan/lib/owlcarousel/assets/owl.video.play.png]
[technext.github.io/makan/lib/owlcarousel/assets/owl.carousel.min.css]
[technext.github.io/makan/css/bootstrap.min.css]
[technext.github.io/makan/css/style.css]
[technext.github.io/makan/index.html]
[technext.github.io/makan/img/header.jpg]
[technext.github.io/makan/about.html]
[technext.github.io/makan/property-list.html]
[technext.github.io/makan/property-type.html]
[technext.github.io/makan/property-agent.html]
[technext.github.io/makan/testimonial.html]
[technext.github.io/makan/404.html]
[technext.github.io/makan/contact.html]
